0 info it worked if it ends with ok
1 verbose cli [ '/usr/bin/nodejs', '/usr/bin/npm', 'install', 'ngCordova' ]
2 info using npm@2.14.20
3 info using node@v4.4.1
4 verbose install initial load of /home/kakalima76/ionic/CCU/package.json
5 warn package.json ccu@1.1.1 No repository field.
6 warn package.json ccu@1.1.1 No README data
7 warn package.json ccu@1.1.1 No license field.
8 verbose readDependencies loading dependencies from /home/kakalima76/ionic/CCU/package.json
9 silly cache add args [ 'ngCordova', null ]
10 verbose cache add spec ngCordova
11 silly cache add parsed spec Result {
11 silly cache add   raw: 'ngCordova',
11 silly cache add   scope: null,
11 silly cache add   name: 'ngCordova',
11 silly cache add   rawSpec: '',
11 silly cache add   spec: 'latest',
11 silly cache add   type: 'tag' }
12 silly addNamed ngCordova@latest
13 verbose addNamed "latest" is being treated as a dist-tag for ngCordova
14 info addNameTag [ 'ngCordova', 'latest' ]
15 silly mapToRegistry name ngCordova
16 silly mapToRegistry using default registry
17 silly mapToRegistry registry https://registry.npmjs.org/
18 silly mapToRegistry uri https://registry.npmjs.org/ngCordova
19 verbose addNameTag registry:https://registry.npmjs.org/ngCordova not in flight; fetching
20 verbose request uri https://registry.npmjs.org/ngCordova
21 verbose request no auth needed
22 info attempt registry request try #1 at 18:27:25
23 verbose request id 686e2ca2a4fc745e
24 http request GET https://registry.npmjs.org/ngCordova
25 http 404 https://registry.npmjs.org/ngCordova
26 verbose headers { 'content-type': 'application/json',
26 verbose headers   'cache-control': 'max-age=0',
26 verbose headers   'content-length': '2',
26 verbose headers   'accept-ranges': 'bytes',
26 verbose headers   date: 'Sun, 27 Mar 2016 21:27:28 GMT',
26 verbose headers   via: '1.1 varnish',
26 verbose headers   age: '0',
26 verbose headers   connection: 'keep-alive',
26 verbose headers   'x-served-by': 'cache-jfk1030-JFK',
26 verbose headers   'x-cache': 'MISS',
26 verbose headers   'x-cache-hits': '0',
26 verbose headers   'x-timer': 'S1459114048.684095,VS0,VE23' }
27 silly get cb [ 404,
27 silly get   { 'content-type': 'application/json',
27 silly get     'cache-control': 'max-age=0',
27 silly get     'content-length': '2',
27 silly get     'accept-ranges': 'bytes',
27 silly get     date: 'Sun, 27 Mar 2016 21:27:28 GMT',
27 silly get     via: '1.1 varnish',
27 silly get     age: '0',
27 silly get     connection: 'keep-alive',
27 silly get     'x-served-by': 'cache-jfk1030-JFK',
27 silly get     'x-cache': 'MISS',
27 silly get     'x-cache-hits': '0',
27 silly get     'x-timer': 'S1459114048.684095,VS0,VE23' } ]
28 verbose stack Error: Registry returned 404 for GET on https://registry.npmjs.org/ngCordova
28 verbose stack     at makeError (/usr/lib/node_modules/npm/node_modules/npm-registry-client/lib/request.js:264:12)
28 verbose stack     at CachingRegistryClient.<anonymous> (/usr/lib/node_modules/npm/node_modules/npm-registry-client/lib/request.js:242:14)
28 verbose stack     at Request._callback (/usr/lib/node_modules/npm/node_modules/npm-registry-client/lib/request.js:172:14)
28 verbose stack     at Request.self.callback (/usr/lib/node_modules/npm/node_modules/request/request.js:199:22)
28 verbose stack     at emitTwo (events.js:87:13)
28 verbose stack     at Request.emit (events.js:172:7)
28 verbose stack     at Request.<anonymous> (/usr/lib/node_modules/npm/node_modules/request/request.js:1036:10)
28 verbose stack     at emitOne (events.js:82:20)
28 verbose stack     at Request.emit (events.js:169:7)
28 verbose stack     at IncomingMessage.<anonymous> (/usr/lib/node_modules/npm/node_modules/request/request.js:963:12)
29 verbose statusCode 404
30 verbose pkgid ngCordova
31 verbose cwd /home/kakalima76/ionic/CCU
32 error Linux 3.19.0-56-generic
33 error argv "/usr/bin/nodejs" "/usr/bin/npm" "install" "ngCordova"
34 error node v4.4.1
35 error npm  v2.14.20
36 error code E404
37 error 404 Registry returned 404 for GET on https://registry.npmjs.org/ngCordova
37 error 404
37 error 404 'ngCordova' is not in the npm registry.
37 error 404 Your package name is not valid, because
37 error 404
37 error 404  1. name can no longer contain capital letters
37 error 404 It was specified as a dependency of 'ccu'
37 error 404
37 error 404 Note that you can also install from a
37 error 404 tarball, folder, http url, or git url.
38 verbose exit [ 1, true ]
